<?xml version="1.0" encoding="UTF-8" ?>
<testsuite tests="7" failures="0" name="TestingRovers" time="0.046" errors="0" skipped="0">
  <properties>
    <property name="java.runtime.name" value="OpenJDK Runtime Environment"/>
    <property name="java.vm.version" value="15.0.2+7"/>
    <property name="sun.boot.library.path" value="C:\Program Files\Zulu\zulu-15\bin"/>
    <property name="user.country.format" value="BG"/>
    <property name="maven.multiModuleProjectDirectory" value="C:/Users/User/IdeaProjects/MarsRovers"/>
    <property name="java.vm.vendor" value="Azul Systems, Inc."/>
    <property name="java.vendor.url" value="http://www.azulsystems.com/"/>
    <property name="guice.disable.misplaced.annotation.check" value="true"/>
    <property name="path.separator" value=";"/>
    <property name="java.vm.name" value="OpenJDK 64-Bit Server VM"/>
    <property name="sun.os.patch.level" value=""/>
    <property name="user.script" value=""/>
    <property name="user.country" value="US"/>
    <property name="sun.java.launcher" value="SUN_STANDARD"/>
    <property name="java.vm.specification.name" value="Java Virtual Machine Specification"/>
    <property name="user.dir" value="C:\Users\User\IdeaProjects\MarsRovers"/>
    <property name="java.vm.compressedOopsMode" value="32-bit"/>
    <property name="java.runtime.version" value="15.0.2+7"/>
    <property name="os.arch" value="amd64"/>
    <property name="java.io.tmpdir" value="C:\Users\User\AppData\Local\Temp\"/>
    <property name="line.separator" value="
"/>
    <property name="java.vm.specification.vendor" value="Oracle Corporation"/>
    <property name="user.variant" value=""/>
    <property name="os.name" value="Windows 10"/>
    <property name="classworlds.conf" value="C:/Users/User/apache-maven-3.8.1-bin/apache-maven-3.8.1/bin/m2.conf"/>
    <property name="sun.jnu.encoding" value="Cp1251"/>
    <property name="java.library.path" value="C:\Program Files\Zulu\zulu-15\bin;C:\WINDOWS\Sun\Java\bin;C:\WINDOWS\system32;C:\WINDOWS;C:\Users\User\bin;C:\Program Files\Git\mingw64\bin;C:\Program Files\Git\usr\local\bin;C:\Program Files\Git\usr\bin;C:\Program Files\Git\usr\bin;C:\Program Files\Git\mingw64\bin;C:\Program Files\Git\usr\bin;C:\Users\User\bin;C:\Program Files\Zulu\zulu-15\bin;C:\WINDOWS\system32;C:\WINDOWS;C:\WINDOWS\System32\Wbem;C:\WINDOWS\System32\WindowsPowerShell\v1.0;C:\Program Files (x86)\Intel\OpenCL SDK\2.0\bin\x86;C:\Program Files (x86)\Intel\OpenCL SDK\2.0\bin\x64;C:\WINDOWS\System32\OpenSSH;C:\Program Files\dotnet;C:\Program Files (x86)\dotnet;C:\Program Files\Git\cmd;C:\Program Files\nodejs;C:\Users\User\apache-maven-3.8.1-bin\apache-maven-3.8.1;C:\Users\User\AppData\Local\Programs\Microsoft VS Code\bin;C:\Users\User\AppData\Local\Microsoft\WindowsApps;C:\Users\User\.dotnet\tools;C:\Users\User\AppData\Local\GitHubDesktop\bin;C:\Users\User\AppData\Roaming\npm;C:\Program Files\JetBrains\IntelliJ IDEA 2021.1\bin;C:\Users\User\apache-maven-3.8.1-bin\apache-maven-3.8.1\bin;C:\Program Files\Git\usr\bin\vendor_perl;C:\Program Files\Git\usr\bin\core_perl;."/>
    <property name="maven.conf" value="C:/Users/User/apache-maven-3.8.1-bin/apache-maven-3.8.1/conf"/>
    <property name="jdk.debug" value="release"/>
    <property name="java.class.version" value="59.0"/>
    <property name="java.specification.name" value="Java Platform API Specification"/>
    <property name="sun.management.compiler" value="HotSpot 64-Bit Tiered Compilers"/>
    <property name="os.version" value="10.0"/>
    <property name="library.jansi.path" value="C:/Users/User/apache-maven-3.8.1-bin/apache-maven-3.8.1/lib/jansi-native"/>
    <property name="user.home" value="C:\Users\User"/>
    <property name="user.timezone" value="Europe/Sofia"/>
    <property name="file.encoding" value="Cp1251"/>
    <property name="java.specification.version" value="15"/>
    <property name="user.name" value="User"/>
    <property name="java.class.path" value="C:/Users/User/apache-maven-3.8.1-bin/apache-maven-3.8.1/boot/plexus-classworlds-2.6.0.jar"/>
    <property name="java.vm.specification.version" value="15"/>
    <property name="sun.arch.data.model" value="64"/>
    <property name="sun.java.command" value="org.codehaus.plexus.classworlds.launcher.Launcher install"/>
    <property name="java.home" value="C:\Program Files\Zulu\zulu-15"/>
    <property name="user.language" value="en"/>
    <property name="java.specification.vendor" value="Oracle Corporation"/>
    <property name="user.language.format" value="bg"/>
    <property name="java.vm.info" value="mixed mode, sharing"/>
    <property name="java.version" value="15.0.2"/>
    <property name="java.vendor" value="Azul Systems, Inc."/>
    <property name="sun.stderr.encoding" value="cp65001"/>
    <property name="maven.home" value="C:\Users\User\apache-maven-3.8.1-bin\apache-maven-3.8.1"/>
    <property name="file.separator" value="\"/>
    <property name="java.version.date" value="2021-01-19"/>
    <property name="java.vendor.url.bug" value="http://www.azulsystems.com/support/"/>
    <property name="sun.io.unicode.encoding" value="UnicodeLittle"/>
    <property name="sun.cpu.endian" value="little"/>
    <property name="java.vendor.version" value="Zulu15.29+15-CA"/>
    <property name="sun.stdout.encoding" value="cp65001"/>
    <property name="sun.cpu.isalist" value="amd64"/>
  </properties>
  <testcase classname="TestingRovers" name="RoversCollapsingThrowException" time="0.008"/>
  <testcase classname="TestingRovers" name="RoverNotDroppedCurrentPositionMessage" time="0"/>
  <testcase classname="TestingRovers" name="RoverNotDroppedAndTryingToBeMovedExceptionThrown" time="0"/>
  <testcase classname="TestingRovers" name="TestInput" time="0.03"/>
  <testcase classname="TestingRovers" name="MovingRoverOutsideThePlateu" time="0"/>
  <testcase classname="TestingRovers" name="DroppingRoverOutsideThePlateuThrowsException" time="0.003"/>
  <testcase classname="TestingRovers" name="UnknownInstructionThrowsException" time="0.005"/>
</testsuite>